<?xml version="1.0" encoding="UTF-8"?>
<testng-results skipped="0" failed="0" ignored="0" total="1" passed="1">
  <reporter-output>
  </reporter-output>
  <suite name="Suite" duration-ms="22910" started-at="2021-06-10T07:45:08Z" finished-at="2021-06-10T07:45:31Z">
    <groups>
    </groups>
    <test name="Test" duration-ms="22910" started-at="2021-06-10T07:45:08Z" finished-at="2021-06-10T07:45:31Z">
      <class name="com.learnautomation.testcases.LoginTestHAL">
        <test-method status="PASS" signature="setupSuite()[pri:0, instance:com.learnautomation.testcases.LoginTestHAL@6ab7a896]" name="setupSuite" is-config="true" duration-ms="837" started-at="2021-06-10T13:15:07Z" finished-at="2021-06-10T13:15:08Z">
          <reporter-output>
          </reporter-output>
        </test-method> <!-- setupSuite -->
        <test-method status="PASS" signature="setup(java.lang.String, java.lang.String)[pri:0, instance:com.learnautomation.testcases.LoginTestHAL@6ab7a896]" name="setup" is-config="true" duration-ms="18485" started-at="2021-06-10T13:15:08Z" finished-at="2021-06-10T13:15:26Z">
          <params>
            <param index="0">
              <value>
                <![CDATA[Chrome]]>
              </value>
            </param>
            <param index="1">
              <value>
                <![CDATA[https://eproc.hal-india.co.in]]>
              </value>
            </param>
          </params>
          <reporter-output>
          </reporter-output>
        </test-method> <!-- setup -->
        <test-method status="PASS" signature="LoginTest()[pri:0, instance:com.learnautomation.testcases.LoginTestHAL@6ab7a896]" name="LoginTest" duration-ms="1000" started-at="2021-06-10T13:15:26Z" finished-at="2021-06-10T13:15:27Z">
          <reporter-output>
          </reporter-output>
        </test-method> <!-- LoginTest -->
        <test-method status="PASS" signature="teardown(org.testng.ITestResult)[pri:0, instance:com.learnautomation.testcases.LoginTestHAL@6ab7a896]" name="teardown" is-config="true" duration-ms="1890" started-at="2021-06-10T13:15:27Z" finished-at="2021-06-10T13:15:29Z">
          <params>
            <param index="0">
              <value>
                <![CDATA[[TestResult name=LoginTest status=SUCCESS method=LoginTestHAL.LoginTest()[pri:0, instance:com.learnautomation.testcases.LoginTestHAL@6ab7a896] output={null}]]]>
              </value>
            </param>
          </params>
          <reporter-output>
          </reporter-output>
        </test-method> <!-- teardown -->
        <test-method status="PASS" signature="teardownclose()[pri:0, instance:com.learnautomation.testcases.LoginTestHAL@6ab7a896]" name="teardownclose" is-config="true" duration-ms="1505" started-at="2021-06-10T13:15:29Z" finished-at="2021-06-10T13:15:31Z">
          <reporter-output>
          </reporter-output>
        </test-method> <!-- teardownclose -->
      </class> <!-- com.learnautomation.testcases.LoginTestHAL -->
    </test> <!-- Test -->
  </suite> <!-- Suite -->
</testng-results>
